<?xml version="1.0" encoding="UTF-8"?>
<!-- Generated by org.testng.reporters.JUnitXMLReporter -->
<testsuite ignored="0" hostname="usconfig" failures="0" tests="12" name="Command line test" time="0.031" errors="0" timestamp="2025-03-29T14:30:27 MSK">
  <testcase classname="SimpleTest" name="test copy constructor" time="0.004"/>
  <testcase classname="SimpleTest" name="test default constructor" time="0.0"/>
  <testcase classname="SimpleTest" name="test left property" time="0.0"/>
  <testcase classname="SimpleTest" name="test parameterized constructor" time="0.0"/>
  <testcase classname="SimpleTest" name="test right property" time="0.001"/>
  <testcase classname="SimpleTest" name="test single value constructor" time="0.0"/>
  <testcase classname="SimpleTest" name="test value property" time="0.0"/>
  <testcase classname="BinTree_test" name="insert duplicate value should be ignored" time="0.0"/>
  <testcase classname="BinTree_test" name="insert into empty tree" time="0.0"/>
  <testcase classname="BinTree_test" name="insert larger value" time="0.0"/>
  <testcase classname="BinTree_test" name="insert smaller value" time="0.001"/>
  <testcase classname="BinTree_test" name="multiple inserts build correct BST" time="0.0"/>
</testsuite> <!-- Command line test -->
