<?xml version="1.0" encoding="UTF-8"?>
<testng-results ignored="0" total="12" passed="12" failed="0" skipped="0">
  <reporter-output>
  </reporter-output>
  <suite started-at="2025-03-29T14:30:27 MSK" name="Command line suite" finished-at="2025-03-29T14:30:27 MSK" duration-ms="31">
    <groups>
    </groups>
    <test started-at="2025-03-29T14:30:27 MSK" name="Command line test" finished-at="2025-03-29T14:30:27 MSK" duration-ms="31">
      <class name="SimpleTest">
        <test-method signature="test copy constructor()[pri:0, instance:SimpleTest@67784306]" started-at="2025-03-29T14:30:27 MSK" name="test copy constructor" finished-at="2025-03-29T14:30:27 MSK" duration-ms="4" status="PASS">
          <reporter-output>
          </reporter-output>
        </test-method> <!-- test copy constructor -->
        <test-method signature="test default constructor()[pri:0, instance:SimpleTest@67784306]" started-at="2025-03-29T14:30:27 MSK" name="test default constructor" finished-at="2025-03-29T14:30:27 MSK" duration-ms="0" status="PASS">
          <reporter-output>
          </reporter-output>
        </test-method> <!-- test default constructor -->
        <test-method signature="test left property()[pri:0, instance:SimpleTest@67784306]" started-at="2025-03-29T14:30:27 MSK" name="test left property" finished-at="2025-03-29T14:30:27 MSK" duration-ms="0" status="PASS">
          <reporter-output>
          </reporter-output>
        </test-method> <!-- test left property -->
        <test-method signature="test parameterized constructor()[pri:0, instance:SimpleTest@67784306]" started-at="2025-03-29T14:30:27 MSK" name="test parameterized constructor" finished-at="2025-03-29T14:30:27 MSK" duration-ms="0" status="PASS">
          <reporter-output>
          </reporter-output>
        </test-method> <!-- test parameterized constructor -->
        <test-method signature="test right property()[pri:0, instance:SimpleTest@67784306]" started-at="2025-03-29T14:30:27 MSK" name="test right property" finished-at="2025-03-29T14:30:27 MSK" duration-ms="1" status="PASS">
          <reporter-output>
          </reporter-output>
        </test-method> <!-- test right property -->
        <test-method signature="test single value constructor()[pri:0, instance:SimpleTest@67784306]" started-at="2025-03-29T14:30:27 MSK" name="test single value constructor" finished-at="2025-03-29T14:30:27 MSK" duration-ms="0" status="PASS">
          <reporter-output>
          </reporter-output>
        </test-method> <!-- test single value constructor -->
        <test-method signature="test value property()[pri:0, instance:SimpleTest@67784306]" started-at="2025-03-29T14:30:27 MSK" name="test value property" finished-at="2025-03-29T14:30:27 MSK" duration-ms="0" status="PASS">
          <reporter-output>
          </reporter-output>
        </test-method> <!-- test value property -->
      </class> <!-- SimpleTest -->
      <class name="BinTree_test">
        <test-method signature="insert duplicate value should be ignored()[pri:0, instance:BinTree_test@731a74c]" started-at="2025-03-29T14:30:27 MSK" name="insert duplicate value should be ignored" finished-at="2025-03-29T14:30:27 MSK" duration-ms="0" status="PASS">
          <reporter-output>
          </reporter-output>
        </test-method> <!-- insert duplicate value should be ignored -->
        <test-method signature="insert smaller value()[pri:0, instance:BinTree_test@731a74c]" started-at="2025-03-29T14:30:27 MSK" name="insert smaller value" finished-at="2025-03-29T14:30:27 MSK" duration-ms="1" status="PASS">
          <reporter-output>
          </reporter-output>
        </test-method> <!-- insert smaller value -->
        <test-method signature="insert larger value()[pri:0, instance:BinTree_test@731a74c]" started-at="2025-03-29T14:30:27 MSK" name="insert larger value" finished-at="2025-03-29T14:30:27 MSK" duration-ms="0" status="PASS">
          <reporter-output>
          </reporter-output>
        </test-method> <!-- insert larger value -->
        <test-method signature="insert into empty tree()[pri:0, instance:BinTree_test@731a74c]" started-at="2025-03-29T14:30:27 MSK" name="insert into empty tree" finished-at="2025-03-29T14:30:27 MSK" duration-ms="0" status="PASS">
          <reporter-output>
          </reporter-output>
        </test-method> <!-- insert into empty tree -->
        <test-method signature="multiple inserts build correct BST()[pri:0, instance:BinTree_test@731a74c]" started-at="2025-03-29T14:30:27 MSK" name="multiple inserts build correct BST" finished-at="2025-03-29T14:30:27 MSK" duration-ms="0" status="PASS">
          <reporter-output>
          </reporter-output>
        </test-method> <!-- multiple inserts build correct BST -->
      </class> <!-- BinTree_test -->
    </test> <!-- Command line test -->
  </suite> <!-- Command line suite -->
</testng-results>
